<?xml version="1.0" encoding="UTF-8"?>
<testsuite name="caver.sdk.apis.KlaytnApiTest" tests="5" skipped="0" failures="0" errors="0" timestamp="2023-01-02T04:12:53" hostname="system.local" time="0.389">
  <properties/>
  <testcase name="Then: Big.Int cast Demical" classname="caver.sdk.apis.KlaytnApiTest" time="0.026"/>
  <testcase name="Then: return rewards info" classname="caver.sdk.apis.KlaytnApiTest" time="0.152"/>
  <testcase name="Then: return rewards info" classname="caver.sdk.apis.KlaytnApiTest" time="0.016"/>
  <testcase name="Then: return null" classname="caver.sdk.apis.KlaytnApiTest" time="0.107"/>
  <testcase name="Then: Get getRewards by number" classname="caver.sdk.apis.KlaytnApiTest" time="0.031"/>
  <system-out><![CDATA[9600000000000000000
GetRewardsRequest(method=klay_getRewards, id=1, jsonrpc=2.0, params=[I@6280ad44)
WARN: Duplicated test name Call getRewards. To disable this message, set DuplicateTestNameMode to Silent.
]]></system-out>
  <system-err><![CDATA[Jan 02, 2023 1:12:53 PM okhttp3.internal.platform.Platform log
INFO: --> POST http://localhost:7151/klay/getRewards
Jan 02, 2023 1:12:53 PM okhttp3.internal.platform.Platform log
INFO: Content-Type: application/json; charset=UTF-8
Jan 02, 2023 1:12:53 PM okhttp3.internal.platform.Platform log
INFO: Content-Length: 64
Jan 02, 2023 1:12:53 PM okhttp3.internal.platform.Platform log
INFO: 
Jan 02, 2023 1:12:53 PM okhttp3.internal.platform.Platform log
INFO: {"method":"klay_getRewards","id":1,"jsonrpc":"2.0","params":[1]}
Jan 02, 2023 1:12:53 PM okhttp3.internal.platform.Platform log
INFO: --> END POST (64-byte body)
Jan 02, 2023 1:12:53 PM okhttp3.internal.platform.Platform log
INFO: <-- 200 OK http://localhost:7151/klay/getRewards (33ms)
Jan 02, 2023 1:12:53 PM okhttp3.internal.platform.Platform log
INFO: Server: fasthttp
Jan 02, 2023 1:12:53 PM okhttp3.internal.platform.Platform log
INFO: Date: Mon, 02 Jan 2023 04:12:52 GMT
Jan 02, 2023 1:12:53 PM okhttp3.internal.platform.Platform log
INFO: Content-Type: application/json
Jan 02, 2023 1:12:53 PM okhttp3.internal.platform.Platform log
INFO: Content-Length: 227
Jan 02, 2023 1:12:53 PM okhttp3.internal.platform.Platform log
INFO: Vary: Origin
Jan 02, 2023 1:12:53 PM okhttp3.internal.platform.Platform log
INFO: 
Jan 02, 2023 1:12:53 PM okhttp3.internal.platform.Platform log
INFO: {"jsonrpc":"2.0","id":1,"result":{"minted":9600000000000000000,"totalFee":0,"burntFee":0,"proposer":9600000000000000000,"stakers":0,"kgf":0,"kir":0,"rewards":{"0xb408fc9b2512284823264aceeb50d2970533b4ff":9600000000000000000}}}

Jan 02, 2023 1:12:53 PM okhttp3.internal.platform.Platform log
INFO: <-- END HTTP (227-byte body)
Jan 02, 2023 1:12:53 PM okhttp3.internal.platform.Platform log
INFO: --> POST http://localhost:7151/klay/getRewards
Jan 02, 2023 1:12:53 PM okhttp3.internal.platform.Platform log
INFO: Content-Type: application/json; charset=UTF-8
Jan 02, 2023 1:12:53 PM okhttp3.internal.platform.Platform log
INFO: Content-Length: 68
Jan 02, 2023 1:12:53 PM okhttp3.internal.platform.Platform log
INFO: 
Jan 02, 2023 1:12:53 PM okhttp3.internal.platform.Platform log
INFO: {"method":"klay_getRewards","id":1,"jsonrpc":"2.0","params":[1,2,4]}
Jan 02, 2023 1:12:53 PM okhttp3.internal.platform.Platform log
INFO: --> END POST (68-byte body)
Jan 02, 2023 1:12:53 PM okhttp3.internal.platform.Platform log
INFO: <-- 200 OK http://localhost:7151/klay/getRewards (1ms)
Jan 02, 2023 1:12:53 PM okhttp3.internal.platform.Platform log
INFO: Server: fasthttp
Jan 02, 2023 1:12:53 PM okhttp3.internal.platform.Platform log
INFO: Date: Mon, 02 Jan 2023 04:12:52 GMT
Jan 02, 2023 1:12:53 PM okhttp3.internal.platform.Platform log
INFO: Content-Type: application/json
Jan 02, 2023 1:12:53 PM okhttp3.internal.platform.Platform log
INFO: Content-Length: 96
Jan 02, 2023 1:12:53 PM okhttp3.internal.platform.Platform log
INFO: Vary: Origin
Jan 02, 2023 1:12:53 PM okhttp3.internal.platform.Platform log
INFO: 
Jan 02, 2023 1:12:53 PM okhttp3.internal.platform.Platform log
INFO: {"jsonrpc":"2.0","id":1,"error":{"code":-32602,"message":"too many arguments, want at most 1"}}

Jan 02, 2023 1:12:53 PM okhttp3.internal.platform.Platform log
INFO: <-- END HTTP (96-byte body)
Jan 02, 2023 1:12:53 PM okhttp3.internal.platform.Platform log
INFO: --> POST http://localhost2:7151/klay/getRewards
Jan 02, 2023 1:12:53 PM okhttp3.internal.platform.Platform log
INFO: Content-Type: application/json; charset=UTF-8
Jan 02, 2023 1:12:53 PM okhttp3.internal.platform.Platform log
INFO: Content-Length: 64
Jan 02, 2023 1:12:53 PM okhttp3.internal.platform.Platform log
INFO: 
Jan 02, 2023 1:12:53 PM okhttp3.internal.platform.Platform log
INFO: {"method":"klay_getRewards","id":1,"jsonrpc":"2.0","params":[1]}
Jan 02, 2023 1:12:53 PM okhttp3.internal.platform.Platform log
INFO: --> END POST (64-byte body)
Jan 02, 2023 1:12:53 PM okhttp3.internal.platform.Platform log
INFO: <-- HTTP FAILED: java.net.UnknownHostException: localhost2: nodename nor servname provided, or not known
Jan 02, 2023 1:12:53 PM okhttp3.internal.platform.Platform log
INFO: --> POST http://localhost:7151/klay/getRewards
Jan 02, 2023 1:12:53 PM okhttp3.internal.platform.Platform log
INFO: Content-Type: application/json; charset=UTF-8
Jan 02, 2023 1:12:53 PM okhttp3.internal.platform.Platform log
INFO: Content-Length: 64
Jan 02, 2023 1:12:53 PM okhttp3.internal.platform.Platform log
INFO: 
Jan 02, 2023 1:12:53 PM okhttp3.internal.platform.Platform log
INFO: {"method":"klay_getRewards","id":0,"jsonrpc":"2.0","params":[1]}
Jan 02, 2023 1:12:53 PM okhttp3.internal.platform.Platform log
INFO: --> END POST (64-byte body)
Jan 02, 2023 1:12:53 PM okhttp3.internal.platform.Platform log
INFO: <-- 200 OK http://localhost:7151/klay/getRewards (2ms)
Jan 02, 2023 1:12:53 PM okhttp3.internal.platform.Platform log
INFO: Server: fasthttp
Jan 02, 2023 1:12:53 PM okhttp3.internal.platform.Platform log
INFO: Date: Mon, 02 Jan 2023 04:12:53 GMT
Jan 02, 2023 1:12:53 PM okhttp3.internal.platform.Platform log
INFO: Content-Type: application/json
Jan 02, 2023 1:12:53 PM okhttp3.internal.platform.Platform log
INFO: Content-Length: 227
Jan 02, 2023 1:12:53 PM okhttp3.internal.platform.Platform log
INFO: Vary: Origin
Jan 02, 2023 1:12:53 PM okhttp3.internal.platform.Platform log
INFO: 
Jan 02, 2023 1:12:53 PM okhttp3.internal.platform.Platform log
INFO: {"jsonrpc":"2.0","id":0,"result":{"minted":9600000000000000000,"totalFee":0,"burntFee":0,"proposer":9600000000000000000,"stakers":0,"kgf":0,"kir":0,"rewards":{"0xb408fc9b2512284823264aceeb50d2970533b4ff":9600000000000000000}}}

Jan 02, 2023 1:12:53 PM okhttp3.internal.platform.Platform log
INFO: <-- END HTTP (227-byte body)
]]></system-err>
</testsuite>
